<?xml version="1.0" encoding="UTF-8"?>
<coverage generated="1738410606922" clover="3.2.0">
  <project timestamp="1738410606922" name="All files">
    <metrics statements="136" coveredstatements="95" conditionals="39" coveredconditionals="19" methods="19" coveredmethods="15" elements="194" coveredelements="129" complexity="0" loc="136" ncloc="136" packages="1" files="3" classes="3"/>
    <file name="auth.ts" path="C:\Users\whm29\OneDrive\Documents\penfriends\backend\auth.ts">
      <metrics statements="57" coveredstatements="26" conditionals="26" coveredconditionals="7" methods="5" coveredmethods="3"/>
      <line num="1" count="1" type="stmt"/>
      <line num="2" count="1" type="stmt"/>
      <line num="4" count="1" type="stmt"/>
      <line num="13" count="17" type="cond" truecount="2" falsecount="1"/>
      <line num="14" count="0" type="stmt"/>
      <line num="16" count="17" type="stmt"/>
      <line num="17" count="17" type="cond" truecount="0" falsecount="1"/>
      <line num="18" count="0" type="stmt"/>
      <line num="19" count="17" type="cond" truecount="0" falsecount="1"/>
      <line num="20" count="0" type="stmt"/>
      <line num="22" count="17" type="stmt"/>
      <line num="23" count="17" type="stmt"/>
      <line num="27" count="16" type="cond" truecount="0" falsecount="1"/>
      <line num="28" count="0" type="stmt"/>
      <line num="30" count="16" type="cond" truecount="0" falsecount="1"/>
      <line num="31" count="0" type="stmt"/>
      <line num="33" count="16" type="cond" truecount="0" falsecount="1"/>
      <line num="34" count="0" type="stmt"/>
      <line num="36" count="16" type="cond" truecount="0" falsecount="1"/>
      <line num="37" count="0" type="stmt"/>
      <line num="39" count="16" type="stmt"/>
      <line num="50" count="16" type="stmt"/>
      <line num="51" count="16" type="stmt"/>
      <line num="52" count="16" type="stmt"/>
      <line num="54" count="16" type="cond" truecount="3" falsecount="1"/>
      <line num="55" count="0" type="stmt"/>
      <line num="56" count="16" type="cond" truecount="1" falsecount="1"/>
      <line num="57" count="0" type="stmt"/>
      <line num="58" count="16" type="cond" truecount="1" falsecount="1"/>
      <line num="59" count="0" type="stmt"/>
      <line num="60" count="16" type="cond" truecount="0" falsecount="1"/>
      <line num="61" count="0" type="stmt"/>
      <line num="64" count="16" type="stmt"/>
      <line num="65" count="16" type="stmt"/>
      <line num="81" count="16" type="stmt"/>
      <line num="83" count="16" type="stmt"/>
      <line num="108" count="0" type="stmt"/>
      <line num="109" count="0" type="stmt"/>
      <line num="111" count="0" type="cond" truecount="0" falsecount="3"/>
      <line num="112" count="0" type="stmt"/>
      <line num="114" count="0" type="stmt"/>
      <line num="115" count="0" type="cond" truecount="0" falsecount="2"/>
      <line num="116" count="0" type="stmt"/>
      <line num="117" count="0" type="cond" truecount="0" falsecount="1"/>
      <line num="118" count="0" type="stmt"/>
      <line num="120" count="0" type="stmt"/>
      <line num="123" count="0" type="stmt"/>
      <line num="124" count="0" type="stmt"/>
      <line num="125" count="0" type="stmt"/>
      <line num="130" count="0" type="stmt"/>
      <line num="131" count="0" type="cond" truecount="0" falsecount="1"/>
      <line num="132" count="0" type="stmt"/>
      <line num="134" count="0" type="stmt"/>
      <line num="135" count="0" type="stmt"/>
      <line num="136" count="0" type="stmt"/>
      <line num="137" count="0" type="stmt"/>
      <line num="140" count="1" type="stmt"/>
    </file>
    <file name="helper.ts" path="C:\Users\whm29\OneDrive\Documents\penfriends\backend\helper.ts">
      <metrics statements="15" coveredstatements="9" conditionals="1" coveredconditionals="0" methods="3" coveredmethods="2"/>
      <line num="1" count="1" type="stmt"/>
      <line num="3" count="1" type="stmt"/>
      <line num="11" count="1" type="stmt"/>
      <line num="12" count="17" type="stmt"/>
      <line num="13" count="17" type="stmt"/>
      <line num="16" count="1" type="stmt"/>
      <line num="17" count="39" type="stmt"/>
      <line num="18" count="39" type="stmt"/>
      <line num="21" count="1" type="stmt"/>
      <line num="22" count="0" type="cond" truecount="0" falsecount="1"/>
      <line num="23" count="0" type="stmt"/>
      <line num="25" count="0" type="stmt"/>
      <line num="26" count="0" type="stmt"/>
      <line num="28" count="0" type="stmt"/>
      <line num="30" count="0" type="stmt"/>
    </file>
    <file name="letter.ts" path="C:\Users\whm29\OneDrive\Documents\penfriends\backend\letter.ts">
      <metrics statements="64" coveredstatements="60" conditionals="12" coveredconditionals="12" methods="11" coveredmethods="10"/>
      <line num="1" count="1" type="stmt"/>
      <line num="2" count="1" type="stmt"/>
      <line num="6" count="8" type="stmt"/>
      <line num="7" count="8" type="stmt"/>
      <line num="8" count="37" type="stmt"/>
      <line num="9" count="8" type="cond" truecount="1" falsecount="0"/>
      <line num="10" count="6" type="stmt"/>
      <line num="13" count="2" type="stmt"/>
      <line num="18" count="9" type="stmt"/>
      <line num="20" count="9" type="cond" truecount="1" falsecount="0"/>
      <line num="21" count="1" type="stmt"/>
      <line num="23" count="8" type="stmt"/>
      <line num="27" count="3" type="stmt"/>
      <line num="29" count="3" type="cond" truecount="1" falsecount="0"/>
      <line num="30" count="1" type="stmt"/>
      <line num="32" count="2" type="stmt"/>
      <line num="33" count="2" type="stmt"/>
      <line num="34" count="2" type="stmt"/>
      <line num="42" count="2" type="stmt"/>
      <line num="44" count="2" type="stmt"/>
      <line num="45" count="2" type="stmt"/>
      <line num="48" count="2" type="stmt"/>
      <line num="52" count="3" type="stmt"/>
      <line num="54" count="3" type="cond" truecount="2" falsecount="0"/>
      <line num="55" count="1" type="stmt"/>
      <line num="56" count="2" type="cond" truecount="1" falsecount="0"/>
      <line num="57" count="1" type="stmt"/>
      <line num="60" count="1" type="stmt"/>
      <line num="61" count="1" type="stmt"/>
      <line num="62" count="1" type="cond" truecount="1" falsecount="0"/>
      <line num="63" count="1" type="stmt"/>
      <line num="65" count="0" type="stmt"/>
      <line num="66" count="0" type="stmt"/>
      <line num="74" count="0" type="stmt"/>
      <line num="75" count="0" type="stmt"/>
      <line num="79" count="8" type="stmt"/>
      <line num="80" count="8" type="stmt"/>
      <line num="81" count="8" type="cond" truecount="1" falsecount="0"/>
      <line num="82" count="1" type="stmt"/>
      <line num="84" count="8" type="stmt"/>
      <line num="85" count="7" type="cond" truecount="1" falsecount="0"/>
      <line num="86" count="6" type="stmt"/>
      <line num="88" count="1" type="stmt"/>
      <line num="89" count="1" type="stmt"/>
      <line num="95" count="1" type="stmt"/>
      <line num="96" count="1" type="stmt"/>
      <line num="97" count="1" type="stmt"/>
      <line num="101" count="6" type="stmt"/>
      <line num="102" count="6" type="stmt"/>
      <line num="103" count="6" type="cond" truecount="1" falsecount="0"/>
      <line num="104" count="1" type="stmt"/>
      <line num="107" count="5" type="stmt"/>
      <line num="110" count="5" type="stmt"/>
      <line num="111" count="13" type="stmt"/>
      <line num="114" count="20" type="cond" truecount="1" falsecount="0"/>
      <line num="116" count="4" type="stmt"/>
      <line num="117" count="6" type="stmt"/>
      <line num="118" count="4" type="stmt"/>
      <line num="121" count="5" type="cond" truecount="1" falsecount="0"/>
      <line num="123" count="1" type="stmt"/>
      <line num="126" count="4" type="stmt"/>
      <line num="127" count="4" type="stmt"/>
      <line num="129" count="4" type="stmt"/>
      <line num="132" count="1" type="stmt"/>
    </file>
  </project>
</coverage>
