{"C:\\Users\\whm29\\OneDrive\\Documents\\penfriends\\backend\\auth.ts": {"path":"C:\\Users\\whm29\\OneDrive\\Documents\\penfriends\\backend\\auth.ts","statementMap":{"0":{"start":{"line":140,"column":9},"end":{"line":140,"column":18}},"1":{"start":{"line":140,"column":20},"end":{"line":140,"column":32}},"2":{"start":{"line":140,"column":34},"end":{"line":140,"column":51}},"3":{"start":{"line":140,"column":53},"end":{"line":140,"column":63}},"4":{"start":{"line":1,"column":0},"end":{"line":1,"column":20}},"5":{"start":{"line":2,"column":0},"end":{"line":2,"column":35}},"6":{"start":{"line":4,"column":0},"end":{"line":4,"column":34}},"7":{"start":{"line":13,"column":2},"end":{"line":15,"column":3}},"8":{"start":{"line":14,"column":4},"end":{"line":14,"column":38}},"9":{"start":{"line":16,"column":15},"end":{"line":16,"column":29}},"10":{"start":{"line":17,"column":2},"end":{"line":19,"column":3}},"11":{"start":{"line":18,"column":4},"end":{"line":18,"column":39}},"12":{"start":{"line":19,"column":4},"end":{"line":21,"column":3}},"13":{"start":{"line":20,"column":4},"end":{"line":20,"column":43}},"14":{"start":{"line":22,"column":2},"end":{"line":22,"column":23}},"15":{"start":{"line":23,"column":2},"end":{"line":23,"column":14}},"16":{"start":{"line":27,"column":2},"end":{"line":29,"column":3}},"17":{"start":{"line":28,"column":4},"end":{"line":28,"column":70}},"18":{"start":{"line":30,"column":2},"end":{"line":32,"column":3}},"19":{"start":{"line":31,"column":4},"end":{"line":31,"column":77}},"20":{"start":{"line":33,"column":2},"end":{"line":35,"column":3}},"21":{"start":{"line":34,"column":4},"end":{"line":34,"column":77}},"22":{"start":{"line":36,"column":2},"end":{"line":38,"column":3}},"23":{"start":{"line":37,"column":4},"end":{"line":37,"column":67}},"24":{"start":{"line":39,"column":2},"end":{"line":39,"column":29}},"25":{"start":{"line":50,"column":27},"end":{"line":50,"column":90}},"26":{"start":{"line":51,"column":30},"end":{"line":51,"column":67}},"27":{"start":{"line":52,"column":21},"end":{"line":52,"column":49}},"28":{"start":{"line":54,"column":3},"end":{"line":62,"column":3}},"29":{"start":{"line":55,"column":4},"end":{"line":55,"column":38}},"30":{"start":{"line":56,"column":9},"end":{"line":62,"column":3}},"31":{"start":{"line":57,"column":4},"end":{"line":57,"column":38}},"32":{"start":{"line":58,"column":9},"end":{"line":62,"column":3}},"33":{"start":{"line":59,"column":4},"end":{"line":59,"column":44}},"34":{"start":{"line":60,"column":9},"end":{"line":62,"column":3}},"35":{"start":{"line":61,"column":4},"end":{"line":61,"column":41}},"36":{"start":{"line":64,"column":13},"end":{"line":64,"column":32}},"37":{"start":{"line":65,"column":2},"end":{"line":80,"column":4}},"38":{"start":{"line":81,"column":2},"end":{"line":81,"column":72}},"39":{"start":{"line":83,"column":2},"end":{"line":98,"column":4}},"40":{"start":{"line":108,"column":16},"end":{"line":108,"column":79}},"41":{"start":{"line":109,"column":30},"end":{"line":109,"column":70}},"42":{"start":{"line":111,"column":2},"end":{"line":113,"column":3}},"43":{"start":{"line":112,"column":4},"end":{"line":112,"column":38}},"44":{"start":{"line":114,"column":21},"end":{"line":114,"column":35}},"45":{"start":{"line":115,"column":2},"end":{"line":119,"column":3}},"46":{"start":{"line":116,"column":4},"end":{"line":116,"column":39}},"47":{"start":{"line":117,"column":9},"end":{"line":119,"column":3}},"48":{"start":{"line":118,"column":4},"end":{"line":118,"column":41}},"49":{"start":{"line":120,"column":2},"end":{"line":120,"column":36}},"50":{"start":{"line":123,"column":2},"end":{"line":123,"column":30}},"51":{"start":{"line":124,"column":2},"end":{"line":124,"column":60}},"52":{"start":{"line":125,"column":2},"end":{"line":125,"column":31}},"53":{"start":{"line":130,"column":25},"end":{"line":130,"column":88}},"54":{"start":{"line":131,"column":2},"end":{"line":133,"column":3}},"55":{"start":{"line":132,"column":4},"end":{"line":132,"column":16}},"56":{"start":{"line":134,"column":27},"end":{"line":134,"column":41}},"57":{"start":{"line":135,"column":2},"end":{"line":135,"column":24}},"58":{"start":{"line":136,"column":2},"end":{"line":136,"column":60}},"59":{"start":{"line":137,"column":2},"end":{"line":137,"column":31}}},"fnMap":{"0":{"name":"authLogin","decl":{"start":{"line":12,"column":9},"end":{"line":12,"column":18}},"loc":{"start":{"line":12,"column":50},"end":{"line":24,"column":1}}},"1":{"name":"checkPasswordStrength","decl":{"start":{"line":26,"column":9},"end":{"line":26,"column":30}},"loc":{"start":{"line":26,"column":47},"end":{"line":40,"column":1}}},"2":{"name":"authRegister","decl":{"start":{"line":49,"column":9},"end":{"line":49,"column":21}},"loc":{"start":{"line":49,"column":72},"end":{"line":99,"column":1}}},"3":{"name":"authResetPassword","decl":{"start":{"line":107,"column":9},"end":{"line":107,"column":26}},"loc":{"start":{"line":107,"column":61},"end":{"line":126,"column":1}}},"4":{"name":"removeUser","decl":{"start":{"line":129,"column":9},"end":{"line":129,"column":19}},"loc":{"start":{"line":129,"column":33},"end":{"line":138,"column":1}}}},"branchMap":{"0":{"loc":{"start":{"line":13,"column":2},"end":{"line":15,"column":3}},"type":"if","locations":[{"start":{"line":13,"column":2},"end":{"line":15,"column":3}}]},"1":{"loc":{"start":{"line":13,"column":6},"end":{"line":13,"column":25}},"type":"binary-expr","locations":[{"start":{"line":13,"column":6},"end":{"line":13,"column":12}},{"start":{"line":13,"column":16},"end":{"line":13,"column":25}}]},"2":{"loc":{"start":{"line":17,"column":2},"end":{"line":19,"column":3}},"type":"if","locations":[{"start":{"line":17,"column":2},"end":{"line":19,"column":3}}]},"3":{"loc":{"start":{"line":19,"column":4},"end":{"line":21,"column":3}},"type":"if","locations":[{"start":{"line":19,"column":4},"end":{"line":21,"column":3}}]},"4":{"loc":{"start":{"line":27,"column":2},"end":{"line":29,"column":3}},"type":"if","locations":[{"start":{"line":27,"column":2},"end":{"line":29,"column":3}}]},"5":{"loc":{"start":{"line":30,"column":2},"end":{"line":32,"column":3}},"type":"if","locations":[{"start":{"line":30,"column":2},"end":{"line":32,"column":3}}]},"6":{"loc":{"start":{"line":33,"column":2},"end":{"line":35,"column":3}},"type":"if","locations":[{"start":{"line":33,"column":2},"end":{"line":35,"column":3}}]},"7":{"loc":{"start":{"line":36,"column":2},"end":{"line":38,"column":3}},"type":"if","locations":[{"start":{"line":36,"column":2},"end":{"line":38,"column":3}}]},"8":{"loc":{"start":{"line":49,"column":55},"end":{"line":49,"column":72}},"type":"default-arg","locations":[{"start":{"line":49,"column":70},"end":{"line":49,"column":72}}]},"9":{"loc":{"start":{"line":54,"column":3},"end":{"line":62,"column":3}},"type":"if","locations":[{"start":{"line":54,"column":3},"end":{"line":62,"column":3}},{"start":{"line":56,"column":9},"end":{"line":62,"column":3}}]},"10":{"loc":{"start":{"line":54,"column":7},"end":{"line":54,"column":26}},"type":"binary-expr","locations":[{"start":{"line":54,"column":7},"end":{"line":54,"column":13}},{"start":{"line":54,"column":17},"end":{"line":54,"column":26}}]},"11":{"loc":{"start":{"line":56,"column":9},"end":{"line":62,"column":3}},"type":"if","locations":[{"start":{"line":56,"column":9},"end":{"line":62,"column":3}},{"start":{"line":58,"column":9},"end":{"line":62,"column":3}}]},"12":{"loc":{"start":{"line":58,"column":9},"end":{"line":62,"column":3}},"type":"if","locations":[{"start":{"line":58,"column":9},"end":{"line":62,"column":3}},{"start":{"line":60,"column":9},"end":{"line":62,"column":3}}]},"13":{"loc":{"start":{"line":60,"column":9},"end":{"line":62,"column":3}},"type":"if","locations":[{"start":{"line":60,"column":9},"end":{"line":62,"column":3}}]},"14":{"loc":{"start":{"line":111,"column":2},"end":{"line":113,"column":3}},"type":"if","locations":[{"start":{"line":111,"column":2},"end":{"line":113,"column":3}}]},"15":{"loc":{"start":{"line":111,"column":6},"end":{"line":111,"column":28}},"type":"binary-expr","locations":[{"start":{"line":111,"column":6},"end":{"line":111,"column":12}},{"start":{"line":111,"column":16},"end":{"line":111,"column":28}}]},"16":{"loc":{"start":{"line":115,"column":2},"end":{"line":119,"column":3}},"type":"if","locations":[{"start":{"line":115,"column":2},"end":{"line":119,"column":3}},{"start":{"line":117,"column":9},"end":{"line":119,"column":3}}]},"17":{"loc":{"start":{"line":117,"column":9},"end":{"line":119,"column":3}},"type":"if","locations":[{"start":{"line":117,"column":9},"end":{"line":119,"column":3}}]},"18":{"loc":{"start":{"line":131,"column":2},"end":{"line":133,"column":3}},"type":"if","locations":[{"start":{"line":131,"column":2},"end":{"line":133,"column":3}}]}},"s":{"0":1,"1":1,"2":1,"3":1,"4":1,"5":1,"6":1,"7":17,"8":0,"9":17,"10":17,"11":0,"12":17,"13":0,"14":17,"15":17,"16":16,"17":0,"18":16,"19":0,"20":16,"21":0,"22":16,"23":0,"24":16,"25":16,"26":16,"27":16,"28":16,"29":0,"30":16,"31":0,"32":16,"33":0,"34":16,"35":0,"36":16,"37":16,"38":16,"39":16,"40":0,"41":0,"42":0,"43":0,"44":0,"45":0,"46":0,"47":0,"48":0,"49":0,"50":0,"51":0,"52":0,"53":0,"54":0,"55":0,"56":0,"57":0,"58":0,"59":0},"f":{"0":17,"1":16,"2":16,"3":0,"4":0},"b":{"0":[0],"1":[17,17],"2":[0],"3":[0],"4":[0],"5":[0],"6":[0],"7":[0],"8":[0],"9":[0,16],"10":[16,16],"11":[0,16],"12":[0,16],"13":[0],"14":[0],"15":[0,0],"16":[0,0],"17":[0],"18":[0]}}
,"C:\\Users\\whm29\\OneDrive\\Documents\\penfriends\\backend\\helper.ts": {"path":"C:\\Users\\whm29\\OneDrive\\Documents\\penfriends\\backend\\helper.ts","statementMap":{"0":{"start":{"line":11,"column":0},"end":{"line":11,"column":16}},"1":{"start":{"line":16,"column":0},"end":{"line":16,"column":16}},"2":{"start":{"line":21,"column":0},"end":{"line":21,"column":16}},"3":{"start":{"line":1,"column":11},"end":{"line":1,"column":24}},"4":{"start":{"line":3,"column":12},"end":{"line":3,"column":35}},"5":{"start":{"line":12,"column":15},"end":{"line":12,"column":78}},"6":{"start":{"line":13,"column":2},"end":{"line":13,"column":21}},"7":{"start":{"line":17,"column":15},"end":{"line":17,"column":1153}},"8":{"start":{"line":18,"column":2},"end":{"line":18,"column":41}},"9":{"start":{"line":22,"column":2},"end":{"line":24,"column":3}},"10":{"start":{"line":23,"column":4},"end":{"line":23,"column":null}},"11":{"start":{"line":25,"column":2},"end":{"line":29,"column":3}},"12":{"start":{"line":26,"column":4},"end":{"line":26,"column":46}},"13":{"start":{"line":28,"column":4},"end":{"line":28,"column":null}},"14":{"start":{"line":30,"column":2},"end":{"line":30,"column":null}}},"fnMap":{"0":{"name":"getUser","decl":{"start":{"line":11,"column":16},"end":{"line":11,"column":23}},"loc":{"start":{"line":11,"column":37},"end":{"line":14,"column":1}}},"1":{"name":"resetDatabase","decl":{"start":{"line":16,"column":16},"end":{"line":16,"column":29}},"loc":{"start":{"line":16,"column":29},"end":{"line":19,"column":1}}},"2":{"name":"verifyToken","decl":{"start":{"line":21,"column":16},"end":{"line":21,"column":27}},"loc":{"start":{"line":21,"column":41},"end":{"line":31,"column":1}}}},"branchMap":{"0":{"loc":{"start":{"line":22,"column":2},"end":{"line":24,"column":3}},"type":"if","locations":[{"start":{"line":22,"column":2},"end":{"line":24,"column":3}}]}},"s":{"0":1,"1":1,"2":1,"3":1,"4":1,"5":17,"6":17,"7":39,"8":39,"9":0,"10":0,"11":0,"12":0,"13":0,"14":0},"f":{"0":17,"1":39,"2":0},"b":{"0":[0]}}
,"C:\\Users\\whm29\\OneDrive\\Documents\\penfriends\\backend\\letter.ts": {"path":"C:\\Users\\whm29\\OneDrive\\Documents\\penfriends\\backend\\letter.ts","statementMap":{"0":{"start":{"line":132,"column":9},"end":{"line":132,"column":25}},"1":{"start":{"line":132,"column":27},"end":{"line":132,"column":39}},"2":{"start":{"line":132,"column":41},"end":{"line":132,"column":54}},"3":{"start":{"line":132,"column":56},"end":{"line":132,"column":66}},"4":{"start":{"line":132,"column":68},"end":{"line":132,"column":80}},"5":{"start":{"line":1,"column":0},"end":{"line":1,"column":20}},"6":{"start":{"line":2,"column":0},"end":{"line":2,"column":30}},"7":{"start":{"line":6,"column":18},"end":{"line":6,"column":93}},"8":{"start":{"line":7,"column":23},"end":{"line":7,"column":145}},"9":{"start":{"line":8,"column":19},"end":{"line":8,"column":70}},"10":{"start":{"line":8,"column":47},"end":{"line":8,"column":69}},"11":{"start":{"line":9,"column":4},"end":{"line":11,"column":5}},"12":{"start":{"line":10,"column":8},"end":{"line":10,"column":45}},"13":{"start":{"line":13,"column":4},"end":{"line":13,"column":18}},"14":{"start":{"line":18,"column":18},"end":{"line":18,"column":93}},"15":{"start":{"line":20,"column":4},"end":{"line":22,"column":5}},"16":{"start":{"line":21,"column":8},"end":{"line":21,"column":43}},"17":{"start":{"line":23,"column":4},"end":{"line":23,"column":null}},"18":{"start":{"line":27,"column":18},"end":{"line":27,"column":93}},"19":{"start":{"line":29,"column":4},"end":{"line":31,"column":5}},"20":{"start":{"line":30,"column":8},"end":{"line":30,"column":43}},"21":{"start":{"line":32,"column":17},"end":{"line":32,"column":29}},"22":{"start":{"line":33,"column":21},"end":{"line":33,"column":27}},"23":{"start":{"line":34,"column":32},"end":{"line":41,"column":null}},"24":{"start":{"line":42,"column":4},"end":{"line":42,"column":41}},"25":{"start":{"line":44,"column":4},"end":{"line":44,"column":24}},"26":{"start":{"line":45,"column":4},"end":{"line":45,"column":72}},"27":{"start":{"line":48,"column":4},"end":{"line":48,"column":20}},"28":{"start":{"line":52,"column":18},"end":{"line":52,"column":93}},"29":{"start":{"line":54,"column":4},"end":{"line":58,"column":5}},"30":{"start":{"line":55,"column":8},"end":{"line":55,"column":46}},"31":{"start":{"line":56,"column":11},"end":{"line":58,"column":5}},"32":{"start":{"line":57,"column":8},"end":{"line":57,"column":45}},"33":{"start":{"line":60,"column":17},"end":{"line":60,"column":34}},"34":{"start":{"line":61,"column":19},"end":{"line":61,"column":77}},"35":{"start":{"line":61,"column":54},"end":{"line":61,"column":76}},"36":{"start":{"line":62,"column":4},"end":{"line":64,"column":5}},"37":{"start":{"line":63,"column":8},"end":{"line":63,"column":45}},"38":{"start":{"line":65,"column":20},"end":{"line":65,"column":43}},"39":{"start":{"line":66,"column":32},"end":{"line":73,"column":null}},"40":{"start":{"line":74,"column":4},"end":{"line":74,"column":41}},"41":{"start":{"line":75,"column":4},"end":{"line":75,"column":19}},"42":{"start":{"line":79,"column":18},"end":{"line":79,"column":93}},"43":{"start":{"line":80,"column":17},"end":{"line":80,"column":29}},"44":{"start":{"line":81,"column":4},"end":{"line":83,"column":5}},"45":{"start":{"line":82,"column":8},"end":{"line":82,"column":43}},"46":{"start":{"line":84,"column":30},"end":{"line":84,"column":100}},"47":{"start":{"line":84,"column":78},"end":{"line":84,"column":99}},"48":{"start":{"line":85,"column":4},"end":{"line":87,"column":5}},"49":{"start":{"line":86,"column":8},"end":{"line":86,"column":51}},"50":{"start":{"line":88,"column":32},"end":{"line":88,"column":69}},"51":{"start":{"line":89,"column":22},"end":{"line":93,"column":null}},"52":{"start":{"line":95,"column":4},"end":{"line":95,"column":52}},"53":{"start":{"line":96,"column":4},"end":{"line":96,"column":41}},"54":{"start":{"line":97,"column":4},"end":{"line":97,"column":29}},"55":{"start":{"line":101,"column":18},"end":{"line":101,"column":93}},"56":{"start":{"line":102,"column":23},"end":{"line":102,"column":35}},"57":{"start":{"line":103,"column":4},"end":{"line":105,"column":5}},"58":{"start":{"line":104,"column":8},"end":{"line":104,"column":43}},"59":{"start":{"line":107,"column":16},"end":{"line":107,"column":21}},"60":{"start":{"line":110,"column":4},"end":{"line":120,"column":5}},"61":{"start":{"line":111,"column":42},"end":{"line":111,"column":65}},"62":{"start":{"line":114,"column":8},"end":{"line":119,"column":9}},"63":{"start":{"line":114,"column":59},"end":{"line":114,"column":81}},"64":{"start":{"line":116,"column":12},"end":{"line":116,"column":25}},"65":{"start":{"line":117,"column":12},"end":{"line":117,"column":107}},"66":{"start":{"line":117,"column":83},"end":{"line":117,"column":105}},"67":{"start":{"line":118,"column":12},"end":{"line":118,"column":18}},"68":{"start":{"line":121,"column":4},"end":{"line":124,"column":5}},"69":{"start":{"line":123,"column":8},"end":{"line":123,"column":45}},"70":{"start":{"line":126,"column":4},"end":{"line":126,"column":24}},"71":{"start":{"line":127,"column":4},"end":{"line":127,"column":72}},"72":{"start":{"line":129,"column":4},"end":{"line":129,"column":null}}},"fnMap":{"0":{"name":"getLetterById","decl":{"start":{"line":5,"column":9},"end":{"line":5,"column":22}},"loc":{"start":{"line":5,"column":54},"end":{"line":14,"column":1}}},"1":{"name":"(anonymous_2)","decl":{"start":{"line":8,"column":35},"end":{"line":8,"column":36}},"loc":{"start":{"line":8,"column":47},"end":{"line":8,"column":69}}},"2":{"name":"getLetterDetails","decl":{"start":{"line":16,"column":9},"end":{"line":16,"column":25}},"loc":{"start":{"line":16,"column":57},"end":{"line":24,"column":1}}},"3":{"name":"createLetter","decl":{"start":{"line":26,"column":9},"end":{"line":26,"column":21}},"loc":{"start":{"line":26,"column":35},"end":{"line":49,"column":1}}},"4":{"name":"replyToLetter","decl":{"start":{"line":51,"column":9},"end":{"line":51,"column":22}},"loc":{"start":{"line":51,"column":78},"end":{"line":76,"column":1}}},"5":{"name":"(anonymous_6)","decl":{"start":{"line":61,"column":44},"end":{"line":61,"column":50}},"loc":{"start":{"line":61,"column":54},"end":{"line":61,"column":76}}},"6":{"name":"sendLetter","decl":{"start":{"line":78,"column":9},"end":{"line":78,"column":19}},"loc":{"start":{"line":78,"column":51},"end":{"line":98,"column":1}}},"7":{"name":"(anonymous_8)","decl":{"start":{"line":84,"column":59},"end":{"line":84,"column":60}},"loc":{"start":{"line":84,"column":78},"end":{"line":84,"column":99}}},"8":{"name":"deleteLetter","decl":{"start":{"line":100,"column":9},"end":{"line":100,"column":21}},"loc":{"start":{"line":100,"column":53},"end":{"line":130,"column":1}}},"9":{"name":"(anonymous_10)","decl":{"start":{"line":114,"column":39},"end":{"line":114,"column":40}},"loc":{"start":{"line":114,"column":59},"end":{"line":114,"column":81}}},"10":{"name":"(anonymous_11)","decl":{"start":{"line":117,"column":73},"end":{"line":117,"column":79}},"loc":{"start":{"line":117,"column":83},"end":{"line":117,"column":105}}}},"branchMap":{"0":{"loc":{"start":{"line":9,"column":4},"end":{"line":11,"column":5}},"type":"if","locations":[{"start":{"line":9,"column":4},"end":{"line":11,"column":5}}]},"1":{"loc":{"start":{"line":20,"column":4},"end":{"line":22,"column":5}},"type":"if","locations":[{"start":{"line":20,"column":4},"end":{"line":22,"column":5}}]},"2":{"loc":{"start":{"line":29,"column":4},"end":{"line":31,"column":5}},"type":"if","locations":[{"start":{"line":29,"column":4},"end":{"line":31,"column":5}}]},"3":{"loc":{"start":{"line":54,"column":4},"end":{"line":58,"column":5}},"type":"if","locations":[{"start":{"line":54,"column":4},"end":{"line":58,"column":5}},{"start":{"line":56,"column":11},"end":{"line":58,"column":5}}]},"4":{"loc":{"start":{"line":56,"column":11},"end":{"line":58,"column":5}},"type":"if","locations":[{"start":{"line":56,"column":11},"end":{"line":58,"column":5}}]},"5":{"loc":{"start":{"line":62,"column":4},"end":{"line":64,"column":5}},"type":"if","locations":[{"start":{"line":62,"column":4},"end":{"line":64,"column":5}}]},"6":{"loc":{"start":{"line":81,"column":4},"end":{"line":83,"column":5}},"type":"if","locations":[{"start":{"line":81,"column":4},"end":{"line":83,"column":5}}]},"7":{"loc":{"start":{"line":85,"column":4},"end":{"line":87,"column":5}},"type":"if","locations":[{"start":{"line":85,"column":4},"end":{"line":87,"column":5}}]},"8":{"loc":{"start":{"line":103,"column":4},"end":{"line":105,"column":5}},"type":"if","locations":[{"start":{"line":103,"column":4},"end":{"line":105,"column":5}}]},"9":{"loc":{"start":{"line":114,"column":8},"end":{"line":119,"column":9}},"type":"if","locations":[{"start":{"line":114,"column":8},"end":{"line":119,"column":9}}]},"10":{"loc":{"start":{"line":121,"column":4},"end":{"line":124,"column":5}},"type":"if","locations":[{"start":{"line":121,"column":4},"end":{"line":124,"column":5}}]}},"s":{"0":1,"1":1,"2":1,"3":1,"4":1,"5":1,"6":1,"7":8,"8":8,"9":8,"10":37,"11":8,"12":6,"13":2,"14":9,"15":9,"16":1,"17":8,"18":3,"19":3,"20":1,"21":2,"22":2,"23":2,"24":2,"25":2,"26":2,"27":2,"28":3,"29":3,"30":1,"31":2,"32":1,"33":1,"34":1,"35":0,"36":1,"37":1,"38":0,"39":0,"40":0,"41":0,"42":8,"43":8,"44":8,"45":1,"46":7,"47":8,"48":7,"49":6,"50":1,"51":1,"52":1,"53":1,"54":1,"55":6,"56":6,"57":6,"58":1,"59":5,"60":5,"61":13,"62":13,"63":20,"64":4,"65":4,"66":6,"67":4,"68":5,"69":1,"70":4,"71":4,"72":4},"f":{"0":8,"1":37,"2":9,"3":3,"4":3,"5":0,"6":8,"7":8,"8":6,"9":20,"10":6},"b":{"0":[6],"1":[1],"2":[1],"3":[1,2],"4":[1],"5":[1],"6":[1],"7":[6],"8":[1],"9":[4],"10":[1]}}
}
