{"C:\\Users\\Owner\\Documents\\Git\\penfriends\\backend\\auth.ts": {"path":"C:\\Users\\Owner\\Documents\\Git\\penfriends\\backend\\auth.ts","statementMap":{"0":{"start":{"line":108,"column":9},"end":{"line":108,"column":18}},"1":{"start":{"line":108,"column":20},"end":{"line":108,"column":32}},"2":{"start":{"line":108,"column":34},"end":{"line":108,"column":51}},"3":{"start":{"line":108,"column":53},"end":{"line":108,"column":63}},"4":{"start":{"line":1,"column":0},"end":{"line":1,"column":20}},"5":{"start":{"line":2,"column":0},"end":{"line":2,"column":35}},"6":{"start":{"line":26,"column":21},"end":{"line":26,"column":35}},"7":{"start":{"line":27,"column":2},"end":{"line":29,"column":3}},"8":{"start":{"line":28,"column":4},"end":{"line":28,"column":39}},"9":{"start":{"line":30,"column":2},"end":{"line":32,"column":3}},"10":{"start":{"line":31,"column":4},"end":{"line":31,"column":43}},"11":{"start":{"line":34,"column":2},"end":{"line":34,"column":14}},"12":{"start":{"line":45,"column":18},"end":{"line":45,"column":81}},"13":{"start":{"line":46,"column":13},"end":{"line":46,"column":32}},"14":{"start":{"line":47,"column":2},"end":{"line":61,"column":5}},"15":{"start":{"line":62,"column":2},"end":{"line":62,"column":60}},"16":{"start":{"line":64,"column":2},"end":{"line":78,"column":4}},"17":{"start":{"line":88,"column":16},"end":{"line":88,"column":79}},"18":{"start":{"line":89,"column":21},"end":{"line":89,"column":76}},"19":{"start":{"line":89,"column":61},"end":{"line":89,"column":75}},"20":{"start":{"line":90,"column":2},"end":{"line":92,"column":3}},"21":{"start":{"line":91,"column":4},"end":{"line":91,"column":39}},"22":{"start":{"line":93,"column":2},"end":{"line":93,"column":36}},"23":{"start":{"line":96,"column":2},"end":{"line":96,"column":86}},"24":{"start":{"line":96,"column":43},"end":{"line":96,"column":84}},"25":{"start":{"line":97,"column":2},"end":{"line":97,"column":29}},"26":{"start":{"line":101,"column":16},"end":{"line":101,"column":79}},"27":{"start":{"line":102,"column":27},"end":{"line":102,"column":75}},"28":{"start":{"line":102,"column":60},"end":{"line":102,"column":74}},"29":{"start":{"line":103,"column":2},"end":{"line":103,"column":61}},"30":{"start":{"line":103,"column":45},"end":{"line":103,"column":59}},"31":{"start":{"line":104,"column":2},"end":{"line":104,"column":60}},"32":{"start":{"line":105,"column":2},"end":{"line":105,"column":35}}},"fnMap":{"0":{"name":"authLogin","decl":{"start":{"line":25,"column":9},"end":{"line":25,"column":18}},"loc":{"start":{"line":25,"column":50},"end":{"line":35,"column":1}}},"1":{"name":"authRegister","decl":{"start":{"line":44,"column":9},"end":{"line":44,"column":21}},"loc":{"start":{"line":44,"column":67},"end":{"line":79,"column":1}}},"2":{"name":"authResetPassword","decl":{"start":{"line":87,"column":9},"end":{"line":87,"column":26}},"loc":{"start":{"line":87,"column":61},"end":{"line":98,"column":1}}},"3":{"name":"(anonymous_4)","decl":{"start":{"line":89,"column":43},"end":{"line":89,"column":44}},"loc":{"start":{"line":89,"column":61},"end":{"line":89,"column":75}}},"4":{"name":"(anonymous_5)","decl":{"start":{"line":96,"column":24},"end":{"line":96,"column":25}},"loc":{"start":{"line":96,"column":43},"end":{"line":96,"column":84}}},"5":{"name":"removeUser","decl":{"start":{"line":100,"column":9},"end":{"line":100,"column":19}},"loc":{"start":{"line":100,"column":33},"end":{"line":106,"column":1}}},"6":{"name":"(anonymous_7)","decl":{"start":{"line":102,"column":42},"end":{"line":102,"column":43}},"loc":{"start":{"line":102,"column":60},"end":{"line":102,"column":74}}},"7":{"name":"(anonymous_8)","decl":{"start":{"line":103,"column":27},"end":{"line":103,"column":28}},"loc":{"start":{"line":103,"column":45},"end":{"line":103,"column":59}}}},"branchMap":{"0":{"loc":{"start":{"line":27,"column":2},"end":{"line":29,"column":3}},"type":"if","locations":[{"start":{"line":27,"column":2},"end":{"line":29,"column":3}}]},"1":{"loc":{"start":{"line":30,"column":2},"end":{"line":32,"column":3}},"type":"if","locations":[{"start":{"line":30,"column":2},"end":{"line":32,"column":3}}]},"2":{"loc":{"start":{"line":90,"column":2},"end":{"line":92,"column":3}},"type":"if","locations":[{"start":{"line":90,"column":2},"end":{"line":92,"column":3}}]},"3":{"loc":{"start":{"line":96,"column":43},"end":{"line":96,"column":84}},"type":"cond-expr","locations":[{"start":{"line":96,"column":66},"end":{"line":96,"column":76}},{"start":{"line":96,"column":79},"end":{"line":96,"column":84}}]}},"s":{"0":1,"1":1,"2":1,"3":1,"4":1,"5":1,"6":0,"7":0,"8":0,"9":0,"10":0,"11":0,"12":1,"13":1,"14":1,"15":0,"16":0,"17":0,"18":0,"19":0,"20":0,"21":0,"22":0,"23":0,"24":0,"25":0,"26":1,"27":1,"28":0,"29":0,"30":0,"31":0,"32":0},"f":{"0":0,"1":1,"2":0,"3":0,"4":0,"5":1,"6":0,"7":0},"b":{"0":[0],"1":[0],"2":[0],"3":[0,0]}}
,"C:\\Users\\Owner\\Documents\\Git\\penfriends\\backend\\helper.ts": {"path":"C:\\Users\\Owner\\Documents\\Git\\penfriends\\backend\\helper.ts","statementMap":{"0":{"start":{"line":10,"column":0},"end":{"line":10,"column":16}},"1":{"start":{"line":1,"column":11},"end":{"line":1,"column":24}},"2":{"start":{"line":11,"column":15},"end":{"line":11,"column":78}},"3":{"start":{"line":12,"column":2},"end":{"line":12,"column":62}},"4":{"start":{"line":12,"column":46},"end":{"line":12,"column":60}}},"fnMap":{"0":{"name":"getUser","decl":{"start":{"line":10,"column":16},"end":{"line":10,"column":23}},"loc":{"start":{"line":10,"column":37},"end":{"line":13,"column":1}}},"1":{"name":"(anonymous_1)","decl":{"start":{"line":12,"column":28},"end":{"line":12,"column":29}},"loc":{"start":{"line":12,"column":46},"end":{"line":12,"column":60}}}},"branchMap":{},"s":{"0":1,"1":1,"2":0,"3":0,"4":0},"f":{"0":0,"1":0},"b":{}}
}
