TN:
SF:auth.ts
FN:12,authLogin
FN:26,checkPasswordStrength
FN:49,authRegister
FN:107,authResetPassword
FN:129,removeUser
FNF:5
FNH:5
FNDA:7,authLogin
FNDA:15,checkPasswordStrength
FNDA:11,authRegister
FNDA:4,authResetPassword
FNDA:7,removeUser
DA:1,1
DA:2,1
DA:4,1
DA:13,7
DA:14,1
DA:16,6
DA:17,6
DA:18,3
DA:19,3
DA:20,1
DA:22,2
DA:23,2
DA:27,15
DA:28,5
DA:30,10
DA:31,1
DA:33,9
DA:34,1
DA:36,8
DA:37,1
DA:39,7
DA:50,11
DA:51,11
DA:52,11
DA:54,11
DA:55,1
DA:56,10
DA:57,1
DA:58,9
DA:59,1
DA:60,8
DA:61,5
DA:64,3
DA:65,3
DA:81,3
DA:83,3
DA:108,4
DA:109,4
DA:111,4
DA:112,1
DA:114,3
DA:115,3
DA:116,1
DA:117,2
DA:118,1
DA:120,1
DA:123,1
DA:124,1
DA:125,1
DA:130,7
DA:131,7
DA:132,4
DA:134,3
DA:135,3
DA:136,3
DA:137,3
DA:140,1
LF:57
LH:57
BRDA:13,0,0,1
BRDA:13,1,0,7
BRDA:13,1,1,7
BRDA:17,2,0,3
BRDA:19,3,0,1
BRDA:27,4,0,5
BRDA:30,5,0,1
BRDA:33,6,0,1
BRDA:36,7,0,1
BRDA:49,8,0,0
BRDA:54,9,0,1
BRDA:54,9,1,10
BRDA:54,10,0,11
BRDA:54,10,1,11
BRDA:56,11,0,1
BRDA:56,11,1,9
BRDA:58,12,0,1
BRDA:58,12,1,8
BRDA:60,13,0,5
BRDA:111,14,0,1
BRDA:111,15,0,4
BRDA:111,15,1,4
BRDA:115,16,0,1
BRDA:115,16,1,2
BRDA:117,17,0,1
BRDA:131,18,0,4
BRF:26
BRH:25
end_of_record
TN:
SF:helper.ts
FN:11,getUser
FN:16,verifyToken
FNF:2
FNH:1
FNDA:13,getUser
FNDA:0,verifyToken
DA:1,4
DA:3,4
DA:11,4
DA:12,13
DA:13,13
DA:16,4
DA:17,0
DA:18,0
DA:20,0
DA:21,0
DA:23,0
DA:25,0
LF:12
LH:6
BRDA:17,0,0,0
BRF:1
BRH:0
end_of_record
TN:
SF:inventory.ts
FN:5,getPurchasedBackgrounds
FN:10,getPurchasedStickers
FN:15,getPurchasedBadges
FN:20,showInventory
FN:25,removeInventoryItem
FN:29,(anonymous_6)
FNF:6
FNH:6
FNDA:1,getPurchasedBackgrounds
FNDA:1,getPurchasedStickers
FNDA:1,getPurchasedBadges
FNDA:3,showInventory
FNDA:1,removeInventoryItem
FNDA:3,(anonymous_6)
DA:1,2
DA:2,2
DA:6,1
DA:7,1
DA:11,1
DA:12,1
DA:16,1
DA:17,1
DA:21,3
DA:22,3
DA:26,1
DA:27,1
DA:28,1
DA:29,3
DA:30,1
DA:31,1
DA:32,1
DA:35,2
LF:18
LH:18
BRF:0
BRH:0
end_of_record
TN:
SF:profile.ts
FN:11,showProfile
FNF:1
FNH:1
FNDA:1,showProfile
DA:3,1
DA:12,1
DA:13,1
DA:14,0
DA:16,1
DA:17,1
DA:18,1
DA:26,1
LF:8
LH:7
BRDA:13,0,0,0
BRDA:16,1,0,1
BRDA:16,1,1,0
BRF:3
BRH:1
end_of_record
TN:
SF:shop.ts
FN:4,showShopItems
FN:8,purchaseItem
FN:13,(anonymous_3)
FN:20,(anonymous_4)
FN:34,isAdmin
FN:38,addShopItem
FNF:6
FNH:5
FNDA:0,showShopItems
FNDA:1,purchaseItem
FNDA:4,(anonymous_3)
FNDA:4,(anonymous_4)
FNDA:1,isAdmin
FNDA:1,addShopItem
DA:1,1
DA:5,0
DA:9,1
DA:10,1
DA:11,1
DA:13,4
DA:14,1
DA:15,0
DA:17,1
DA:18,0
DA:20,4
DA:21,1
DA:22,1
DA:23,1
DA:24,1
DA:26,1
DA:35,1
DA:39,1
DA:40,0
DA:42,1
DA:43,1
DA:44,1
DA:45,1
DA:48,1
LF:24
LH:20
BRDA:14,0,0,0
BRDA:17,1,0,0
BRDA:17,1,1,1
BRDA:39,2,0,0
BRF:4
BRH:1
end_of_record
TN:
SF:example_test\sum.ts
FN:1,sum
FNF:1
FNH:1
FNDA:1,sum
DA:1,1
DA:2,1
LF:2
LH:2
BRF:0
BRH:0
end_of_record
