TN:
SF:auth.ts
FN:12,authLogin
FN:26,checkPasswordStrength
FN:49,authRegister
FN:107,authResetPassword
FN:129,removeUser
FNF:5
FNH:4
FNDA:2,authLogin
FNDA:1,checkPasswordStrength
FNDA:1,authRegister
FNDA:0,authResetPassword
FNDA:1,removeUser
DA:1,1
DA:2,1
DA:4,1
DA:13,2
DA:14,0
DA:16,2
DA:17,2
DA:18,0
DA:19,2
DA:20,0
DA:22,2
DA:23,2
DA:27,1
DA:28,0
DA:30,1
DA:31,0
DA:33,1
DA:34,0
DA:36,1
DA:37,0
DA:39,1
DA:50,1
DA:51,1
DA:52,1
DA:54,1
DA:55,0
DA:56,1
DA:57,0
DA:58,1
DA:59,0
DA:60,1
DA:61,0
DA:64,1
DA:65,1
DA:81,1
DA:83,1
DA:108,0
DA:109,0
DA:111,0
DA:112,0
DA:114,0
DA:115,0
DA:116,0
DA:117,0
DA:118,0
DA:120,0
DA:123,0
DA:124,0
DA:125,0
DA:130,1
DA:131,1
DA:132,0
DA:134,1
DA:135,1
DA:136,1
DA:137,1
DA:140,1
LF:57
LH:32
BRDA:13,0,0,0
BRDA:13,1,0,2
BRDA:13,1,1,2
BRDA:17,2,0,0
BRDA:19,3,0,0
BRDA:27,4,0,0
BRDA:30,5,0,0
BRDA:33,6,0,0
BRDA:36,7,0,0
BRDA:49,8,0,0
BRDA:54,9,0,0
BRDA:54,9,1,1
BRDA:54,10,0,1
BRDA:54,10,1,1
BRDA:56,11,0,0
BRDA:56,11,1,1
BRDA:58,12,0,0
BRDA:58,12,1,1
BRDA:60,13,0,0
BRDA:111,14,0,0
BRDA:111,15,0,0
BRDA:111,15,1,0
BRDA:115,16,0,0
BRDA:115,16,1,0
BRDA:117,17,0,0
BRDA:131,18,0,0
BRF:26
BRH:7
end_of_record
TN:
SF:helper.ts
FN:11,getUser
FN:16,verifyToken
FNF:2
FNH:1
FNDA:2,getUser
FNDA:0,verifyToken
DA:1,1
DA:3,1
DA:11,1
DA:12,2
DA:13,2
DA:16,1
DA:17,0
DA:18,0
DA:20,0
DA:21,0
DA:23,0
DA:25,0
LF:12
LH:6
BRDA:17,0,0,0
BRF:1
BRH:0
end_of_record
TN:
SF:letter.ts
FN:9,getLetterById
FN:11,(anonymous_2)
FN:19,getLetterDetails
FN:26,createLetter
FN:44,replyToLetter
FN:51,(anonymous_6)
FN:68,sendLetter
FN:73,(anonymous_8)
FN:89,deleteLetter
FNF:9
FNH:8
FNDA:5,getLetterById
FNDA:19,(anonymous_2)
FNDA:6,getLetterDetails
FNDA:2,createLetter
FNDA:1,replyToLetter
FNDA:0,(anonymous_6)
FNDA:8,sendLetter
FNDA:2,(anonymous_8)
FNDA:5,deleteLetter
DA:1,1
DA:2,1
DA:4,1
DA:6,1
DA:7,1
DA:10,5
DA:11,19
DA:12,5
DA:13,1
DA:16,4
DA:20,6
DA:21,1
DA:23,5
DA:27,2
DA:28,1
DA:30,1
DA:31,1
DA:32,1
DA:40,1
DA:41,1
DA:45,1
DA:46,1
DA:47,1
DA:48,1
DA:50,0
DA:51,0
DA:52,0
DA:53,0
DA:55,0
DA:56,0
DA:64,0
DA:65,0
DA:69,8
DA:70,8
DA:71,1
DA:73,7
DA:74,7
DA:75,6
DA:77,1
DA:78,1
DA:84,1
DA:85,1
DA:86,1
DA:90,5
DA:91,5
DA:92,1
DA:94,4
DA:95,4
DA:98,1
LF:49
LH:41
BRDA:12,0,0,1
BRDA:20,1,0,1
BRDA:27,2,0,1
BRDA:46,3,0,1
BRDA:52,4,0,0
BRDA:70,5,0,1
BRDA:74,6,0,6
BRDA:91,7,0,1
BRF:8
BRH:7
end_of_record
TN:
SF:removeletter.ts
FN:3,removeLetter
FN:6,(anonymous_1)
FNF:2
FNH:2
FNDA:4,removeLetter
FNDA:22,(anonymous_1)
DA:3,1
DA:4,4
DA:5,4
DA:6,22
LF:4
LH:4
BRF:0
BRH:0
end_of_record
